-------------------------------------------------------------------------------
Test set: com.xiao.bootwebadmin.Junit5Test
-------------------------------------------------------------------------------
Tests run: 14, Failures: 4, Errors: 1, Skipped: 2, Time elapsed: 0.609 s <<< FAILURE! - in com.xiao.bootwebadmin.Junit5Test
testTimeOut  Time elapsed: 0.201 s  <<< ERROR!
java.util.concurrent.TimeoutException: testTimeOut() timed out after 500 milliseconds

testFail  Time elapsed: 0.008 s  <<< FAILURE!
org.opentest4j.AssertionFailedError: 测试失败
	at com.xiao.bootwebadmin.Junit5Test.testFail(Junit5Test.java:70)

testAllAssertions  Time elapsed: 0.01 s  <<< FAILURE!
org.opentest4j.MultipleFailuresError: 
test (1 failure)
	org.opentest4j.AssertionFailedError: 结果不是1 ==> expected: <1> but was: <2>
	at com.xiao.bootwebadmin.Junit5Test.testAllAssertions(Junit5Test.java:52)

testArrayAssertions  Time elapsed: 0.008 s  <<< FAILURE!
org.opentest4j.AssertionFailedError: 数组内容不相等 ==> array contents differ at index [0], expected: <2> but was: <1>
	at com.xiao.bootwebadmin.Junit5Test.testArrayAssertions(Junit5Test.java:43)

testSimpleAssertions  Time elapsed: 0.006 s  <<< FAILURE!
org.opentest4j.AssertionFailedError: 两个对象不一样 ==> expected: <java.lang.Object@7d088813> but was: <java.lang.Object@134abd78>
	at com.xiao.bootwebadmin.Junit5Test.testSimpleAssertions(Junit5Test.java:37)

