<?xml version="1.0" encoding="UTF-8"?>
<testsuite xmlns:xsi="http://www.w3.org/2001/XMLSchema-instance" xsi:noNamespaceSchemaLocation="https://maven.apache.org/surefire/maven-surefire-plugin/xsd/surefire-test-report.xsd" name="com.xiao.bootwebadmin.BootWebAdminApplicationTests" time="19.815" tests="2" errors="1" skipped="0" failures="0">
  <properties>
[...]
</properties>
  <testcase name="testRedis" classname="com.xiao.bootwebadmin.BootWebAdminApplicationTests" time="11.75">
    <error message="Unable to connect to Redis; nested exception is io.lettuce.core.RedisConnectionException: Unable to connect to 192.168.242.135:6379" type="org.springframework.data.redis.RedisConnectionFailureException">org.springframework.data.redis.RedisConnectionFailureException: Unable to connect to Redis; nested exception is io.lettuce.core.RedisConnectionException: Unable to connect to 192.168.242.135:6379
	at com.xiao.bootwebadmin.BootWebAdminApplicationTests.testRedis(BootWebAdminApplicationTests.java:37)
Caused by: io.lettuce.core.RedisConnectionException: Unable to connect to 192.168.242.135:6379
	at com.xiao.bootwebadmin.BootWebAdminApplicationTests.testRedis(BootWebAdminApplicationTests.java:37)
Caused by: io.netty.channel.ConnectTimeoutException: connection timed out: /192.168.242.135:6379
</error>
    <system-out><![CDATA[19:10:01.294 [main] DEBUG org.springframework.test.context.BootstrapUtils - Instantiating CacheAwareContextLoaderDelegate from class [org.springframework.test.context.cache.DefaultCacheAwareContextLoaderDelegate]
19:10:01.308 [main] DEBUG org.springframework.test.context.BootstrapUtils - Instantiating BootstrapContext using constructor [public org.springframework.test.context.support.DefaultBootstrapContext(java.lang.Class,org.springframework.test.context.CacheAwareContextLoaderDelegate)]
19:10:01.372 [main] DEBUG org.springframework.test.context.BootstrapUtils - Instantiating TestContextBootstrapper for test class [com.xiao.bootwebadmin.BootWebAdminApplicationTests] from class [org.springframework.boot.test.context.SpringBootTestContextBootstrapper]
19:10:01.394 [main] INFO org.springframework.boot.test.context.SpringBootTestContextBootstrapper - Neither @ContextConfiguration nor @ContextHierarchy found for test class [com.xiao.bootwebadmin.BootWebAdminApplicationTests], using SpringBootContextLoader
19:10:01.399 [main] DEBUG org.springframework.test.context.support.AbstractContextLoader - Did not detect default resource location for test class [com.xiao.bootwebadmin.BootWebAdminApplicationTests]: class path resource [com/xiao/bootwebadmin/BootWebAdminApplicationTests-context.xml] does not exist
19:10:01.399 [main] DEBUG org.springframework.test.context.support.AbstractContextLoader - Did not detect default resource location for test class [com.xiao.bootwebadmin.BootWebAdminApplicationTests]: class path resource [com/xiao/bootwebadmin/BootWebAdminApplicationTestsContext.groovy] does not exist
19:10:01.400 [main] INFO org.springframework.test.context.support.AbstractContextLoader - Could not detect default resource locations for test class [com.xiao.bootwebadmin.BootWebAdminApplicationTests]: no resource found for suffixes {-context.xml, Context.groovy}.
19:10:01.401 [main] INFO org.springframework.test.context.support.AnnotationConfigContextLoaderUtils - Could not detect default configuration classes for test class [com.xiao.bootwebadmin.BootWebAdminApplicationTests]: BootWebAdminApplicationTests does not declare any static, non-private, non-final, nested classes annotated with @Configuration.
19:10:01.449 [main] DEBUG org.springframework.test.context.support.ActiveProfilesUtils - Could not find an 'annotation declaring class' for annotation type [org.springframework.test.context.ActiveProfiles] and class [com.xiao.bootwebadmin.BootWebAdminApplicationTests]
19:10:01.531 [main] DEBUG org.springframework.context.annotation.ClassPathScanningCandidateComponentProvider - Identified candidate component class: file [D:\JavaLearn\JavaEE\SpringBootStudy\boot-web-admin\target\classes\com\xiao\bootwebadmin\BootWebAdminApplication.class]
19:10:01.532 [main] INFO org.springframework.boot.test.context.SpringBootTestContextBootstrapper - Found @SpringBootConfiguration com.xiao.bootwebadmin.BootWebAdminApplication for test class com.xiao.bootwebadmin.BootWebAdminApplicationTests
19:10:01.643 [main] DEBUG org.springframework.boot.test.context.SpringBootTestContextBootstrapper - @TestExecutionListeners is not present for class [com.xiao.bootwebadmin.BootWebAdminApplicationTests]: using defaults.
19:10:01.644 [main] INFO org.springframework.boot.test.context.SpringBootTestContextBootstrapper - Loaded default TestExecutionListener class names from location [META-INF/spring.factories]: [org.springframework.boot.test.mock.mockito.MockitoTestExecutionListener, org.springframework.boot.test.mock.mockito.ResetMocksTestExecutionListener, org.springframework.boot.test.autoconfigure.restdocs.RestDocsTestExecutionListener, org.springframework.boot.test.autoconfigure.web.client.MockRestServiceServerResetTestExecutionListener, org.springframework.boot.test.autoconfigure.web.servlet.MockMvcPrintOnlyOnFailureTestExecutionListener, org.springframework.boot.test.autoconfigure.web.servlet.WebDriverTestExecutionListener, org.springframework.boot.test.autoconfigure.webservices.client.MockWebServiceServerTestExecutionListener, org.springframework.test.context.web.ServletTestExecutionListener, org.springframework.test.context.support.DirtiesContextBeforeModesTestExecutionListener, org.springframework.test.context.event.ApplicationEventsTestExecutionListener, org.springframework.test.context.support.DependencyInjectionTestExecutionListener, org.springframework.test.context.support.DirtiesContextTestExecutionListener, org.springframework.test.context.transaction.TransactionalTestExecutionListener, org.springframework.test.context.jdbc.SqlScriptsTestExecutionListener, org.springframework.test.context.event.EventPublishingTestExecutionListener]
19:10:01.666 [main] INFO org.springframework.boot.test.context.SpringBootTestContextBootstrapper - Using TestExecutionListeners: [org.springframework.test.context.web.ServletTestExecutionListener@1e16c0aa, org.springframework.test.context.support.DirtiesContextBeforeModesTestExecutionListener@13d73f29, org.springframework.test.context.event.ApplicationEventsTestExecutionListener@565f390, org.springframework.boot.test.mock.mockito.MockitoTestExecutionListener@7dc3712, org.springframework.boot.test.autoconfigure.SpringBootDependencyInjectionTestExecutionListener@2f67a4d3, org.springframework.test.context.support.DirtiesContextTestExecutionListener@5e3f861, org.springframework.test.context.transaction.TransactionalTestExecutionListener@2fb0623e, org.springframework.test.context.jdbc.SqlScriptsTestExecutionListener@49b2a47d, org.springframework.test.context.event.EventPublishingTestExecutionListener@5be1d0a4, org.springframework.boot.test.mock.mockito.ResetMocksTestExecutionListener@415b0b49, org.springframework.boot.test.autoconfigure.restdocs.RestDocsTestExecutionListener@6d5620ce, org.springframework.boot.test.autoconfigure.web.client.MockRestServiceServerResetTestExecutionListener@311bf055, org.springframework.boot.test.autoconfigure.web.servlet.MockMvcPrintOnlyOnFailureTestExecutionListener@642a7222, org.springframework.boot.test.autoconfigure.web.servlet.WebDriverTestExecutionListener@7d322cad, org.springframework.boot.test.autoconfigure.webservices.client.MockWebServiceServerTestExecutionListener@21be3395]
19:10:01.672 [main] DEBUG org.springframework.test.context.support.AbstractDirtiesContextTestExecutionListener - Before test class: context [DefaultTestContext@5c86dbc5 testClass = BootWebAdminApplicationTests, testInstance = [null], testMethod = [null], testException = [null], mergedContextConfiguration = [WebMergedContextConfiguration@461ad730 testClass = BootWebAdminApplicationTests, locations = '{}', classes = '{class com.xiao.bootwebadmin.BootWebAdminApplication}', contextInitializerClasses = '[]', activeProfiles = '{}', propertySourceLocations = '{}', propertySourceProperties = '{org.springframework.boot.test.context.SpringBootTestContextBootstrapper=true}', contextCustomizers = set[org.springframework.boot.test.context.filter.ExcludeFilterContextCustomizer@217ed35e, org.springframework.boot.test.json.DuplicateJsonObjectContextCustomizerFactory$DuplicateJsonObjectContextCustomizer@31190526, org.springframework.boot.test.mock.mockito.MockitoContextCustomizer@0, org.springframework.boot.test.web.client.TestRestTemplateContextCustomizer@4d1c00d0, org.springframework.boot.test.autoconfigure.actuate.metrics.MetricsExportContextCustomizerFactory$DisableMetricExportContextCustomizer@40005471, org.springframework.boot.test.autoconfigure.properties.PropertyMappingContextCustomizer@0, org.springframework.boot.test.autoconfigure.web.servlet.WebDriverContextCustomizerFactory$Customizer@4c178a76, org.springframework.boot.test.context.SpringBootTestArgs@1, org.springframework.boot.test.context.SpringBootTestWebEnvironment@42e26948], resourceBasePath = 'src/main/webapp', contextLoader = 'org.springframework.boot.test.context.SpringBootContextLoader', parent = [null]], attributes = map['org.springframework.test.context.web.ServletTestExecutionListener.activateListener' -> true]], class annotated with @DirtiesContext [false] with mode [null].
19:10:01.722 [main] DEBUG org.springframework.test.context.support.TestPropertySourceUtils - Adding inlined properties to environment: {spring.jmx.enabled=false, org.springframework.boot.test.context.SpringBootTestContextBootstrapper=true}

  .   ____          _            __ _ _
 /\\ / ___'_ __ _ _(_)_ __  __ _ \ \ \ \
( ( )\___ | '_ | '_| | '_ \/ _` | \ \ \ \
 \\/  ___)| |_)| | | | | || (_| |  ) ) ) )
  '  |____| .__|_| |_|_| |_\__, | / / / /
 =========|_|==============|___/=/_/_/_/
 :: Spring Boot ::                (v2.5.1)

2021-07-07 19:10:02.377  INFO 896 --- [           main] c.x.b.BootWebAdminApplicationTests       : Starting BootWebAdminApplicationTests using Java 1.8.0_181 on DESKTOP-GKDD4G6 with PID 896 (started by 肖江辉 in D:\JavaLearn\JavaEE\SpringBootStudy\boot-web-admin)
2021-07-07 19:10:02.380  INFO 896 --- [           main] c.x.b.BootWebAdminApplicationTests       : No active profile set, falling back to default profiles: default
2021-07-07 19:10:03.196  INFO 896 --- [           main] .s.d.r.c.RepositoryConfigurationDelegate : Multiple Spring Data modules found, entering strict repository configuration mode!
2021-07-07 19:10:03.200  INFO 896 --- [           main] .s.d.r.c.RepositoryConfigurationDelegate : Bootstrapping Spring Data Redis repositories in DEFAULT mode.
2021-07-07 19:10:03.236  INFO 896 --- [           main] .s.d.r.c.RepositoryConfigurationDelegate : Finished Spring Data repository scanning in 18 ms. Found 0 Redis repository interfaces.
2021-07-07 19:10:04.328  INFO 896 --- [           main] c.a.d.s.b.a.DruidDataSourceAutoConfigure : Init DruidDataSource
2021-07-07 19:10:04.828  INFO 896 --- [           main] com.alibaba.druid.pool.DruidDataSource   : {dataSource-1} inited
 _ _   |_  _ _|_. ___ _ |    _ 
| | |\/|_)(_| | |_\  |_)||_|_\ 
     /               |         
                        3.4.3 
2021-07-07 19:10:08.404  INFO 896 --- [           main] c.x.b.BootWebAdminApplicationTests       : Started BootWebAdminApplicationTests in 6.673 seconds (JVM running for 8.029)
]]></system-out>
  </testcase>
  <testcase name="contextLoads" classname="com.xiao.bootwebadmin.BootWebAdminApplicationTests" time="0.849"/>
</testsuite>