<?xml version="1.0" encoding="UTF-8"?>
<testsuite xmlns:xsi="http://www.w3.org/2001/XMLSchema-instance" xsi:noNamespaceSchemaLocation="https://maven.apache.org/surefire/maven-surefire-plugin/xsd/surefire-test-report.xsd" name="com.xiao.bootwebadmin.Junit5Test" time="0.609" tests="14" errors="1" skipped="2" failures="4">
  <properties>
[...]
</properties>
  <testcase name="testTimeOut" classname="com.xiao.bootwebadmin.Junit5Test" time="0.201">
    <error message="testTimeOut() timed out after 500 milliseconds" type="java.util.concurrent.TimeoutException">java.util.concurrent.TimeoutException: testTimeOut() timed out after 500 milliseconds
</error>
    <system-out><![CDATA[2021-07-07 19:10:21.039  INFO 896 --- [           main] .b.t.c.SpringBootTestContextBootstrapper : Neither @ContextConfiguration nor @ContextHierarchy found for test class [com.xiao.bootwebadmin.Junit5Test], using SpringBootContextLoader
2021-07-07 19:10:21.040  INFO 896 --- [           main] o.s.t.c.support.AbstractContextLoader    : Could not detect default resource locations for test class [com.xiao.bootwebadmin.Junit5Test]: no resource found for suffixes {-context.xml, Context.groovy}.
2021-07-07 19:10:21.040  INFO 896 --- [           main] t.c.s.AnnotationConfigContextLoaderUtils : Could not detect default configuration classes for test class [com.xiao.bootwebadmin.Junit5Test]: Junit5Test does not declare any static, non-private, non-final, nested classes annotated with @Configuration.
2021-07-07 19:10:21.042  INFO 896 --- [           main] .b.t.c.SpringBootTestContextBootstrapper : Found @SpringBootConfiguration com.xiao.bootwebadmin.BootWebAdminApplication for test class com.xiao.bootwebadmin.Junit5Test
2021-07-07 19:10:21.044  INFO 896 --- [           main] .b.t.c.SpringBootTestContextBootstrapper : Loaded default TestExecutionListener class names from location [META-INF/spring.factories]: [org.springframework.boot.test.mock.mockito.MockitoTestExecutionListener, org.springframework.boot.test.mock.mockito.ResetMocksTestExecutionListener, org.springframework.boot.test.autoconfigure.restdocs.RestDocsTestExecutionListener, org.springframework.boot.test.autoconfigure.web.client.MockRestServiceServerResetTestExecutionListener, org.springframework.boot.test.autoconfigure.web.servlet.MockMvcPrintOnlyOnFailureTestExecutionListener, org.springframework.boot.test.autoconfigure.web.servlet.WebDriverTestExecutionListener, org.springframework.boot.test.autoconfigure.webservices.client.MockWebServiceServerTestExecutionListener, org.springframework.test.context.web.ServletTestExecutionListener, org.springframework.test.context.support.DirtiesContextBeforeModesTestExecutionListener, org.springframework.test.context.event.ApplicationEventsTestExecutionListener, org.springframework.test.context.support.DependencyInjectionTestExecutionListener, org.springframework.test.context.support.DirtiesContextTestExecutionListener, org.springframework.test.context.transaction.TransactionalTestExecutionListener, org.springframework.test.context.jdbc.SqlScriptsTestExecutionListener, org.springframework.test.context.event.EventPublishingTestExecutionListener]
2021-07-07 19:10:21.045  INFO 896 --- [           main] .b.t.c.SpringBootTestContextBootstrapper : Using TestExecutionListeners: [org.springframework.test.context.web.ServletTestExecutionListener@249b54af, org.springframework.test.context.support.DirtiesContextBeforeModesTestExecutionListener@194911c1, org.springframework.test.context.event.ApplicationEventsTestExecutionListener@4751cd3, org.springframework.boot.test.mock.mockito.MockitoTestExecutionListener@64ec1459, org.springframework.boot.test.autoconfigure.SpringBootDependencyInjectionTestExecutionListener@1aac0a47, org.springframework.test.context.support.DirtiesContextTestExecutionListener@4b3ad7ca, org.springframework.test.context.transaction.TransactionalTestExecutionListener@6785c9fa, org.springframework.test.context.jdbc.SqlScriptsTestExecutionListener@63cf578f, org.springframework.test.context.event.EventPublishingTestExecutionListener@194b9783, org.springframework.boot.test.mock.mockito.ResetMocksTestExecutionListener@45297e7, org.springframework.boot.test.autoconfigure.restdocs.RestDocsTestExecutionListener@4dd1548e, org.springframework.boot.test.autoconfigure.web.client.MockRestServiceServerResetTestExecutionListener@54bb1194, org.springframework.boot.test.autoconfigure.web.servlet.MockMvcPrintOnlyOnFailureTestExecutionListener@1109730f, org.springframework.boot.test.autoconfigure.web.servlet.WebDriverTestExecutionListener@1f42366, org.springframework.boot.test.autoconfigure.webservices.client.MockWebServiceServerTestExecutionListener@46c662f2]
所有测试就要开始了
测试就要开始了
测试就要结束了
]]></system-out>
  </testcase>
  <testcase name="testFail" classname="com.xiao.bootwebadmin.Junit5Test" time="0.008">
    <failure message="测试失败" type="org.opentest4j.AssertionFailedError">org.opentest4j.AssertionFailedError: 测试失败
	at com.xiao.bootwebadmin.Junit5Test.testFail(Junit5Test.java:70)
</failure>
    <system-out><![CDATA[测试就要开始了
测试就要结束了
]]></system-out>
  </testcase>
  <testcase name="testExceptionAssertions" classname="com.xiao.bootwebadmin.Junit5Test" time="0.003"/>
  <testcase name="testAllAssertions" classname="com.xiao.bootwebadmin.Junit5Test" time="0.01">
    <failure message="test (1 failure)&#10;	org.opentest4j.AssertionFailedError: 结果不是1 ==&gt; expected: &lt;1&gt; but was: &lt;2&gt;" type="org.opentest4j.MultipleFailuresError"><![CDATA[org.opentest4j.MultipleFailuresError: 
test (1 failure)
	org.opentest4j.AssertionFailedError: 结果不是1 ==> expected: <1> but was: <2>
	at com.xiao.bootwebadmin.Junit5Test.testAllAssertions(Junit5Test.java:52)
]]></failure>
    <system-out><![CDATA[测试就要开始了
测试就要结束了
]]></system-out>
  </testcase>
  <testcase name="test2" classname="com.xiao.bootwebadmin.Junit5Test" time="0">
    <skipped message="void com.xiao.bootwebadmin.Junit5Test.test2() is @Disabled"/>
  </testcase>
  <testcase name="test3[1]" classname="com.xiao.bootwebadmin.Junit5Test" time="0.009"/>
  <testcase name="test3[2]" classname="com.xiao.bootwebadmin.Junit5Test" time="0.004"/>
  <testcase name="test3[3]" classname="com.xiao.bootwebadmin.Junit5Test" time="0.006"/>
  <testcase name="test3[4]" classname="com.xiao.bootwebadmin.Junit5Test" time="0.006"/>
  <testcase name="test3[5]" classname="com.xiao.bootwebadmin.Junit5Test" time="0.005"/>
  <testcase name="testArrayAssertions" classname="com.xiao.bootwebadmin.Junit5Test" time="0.008">
    <failure message="数组内容不相等 ==&gt; array contents differ at index [0], expected: &lt;2&gt; but was: &lt;1&gt;" type="org.opentest4j.AssertionFailedError"><![CDATA[org.opentest4j.AssertionFailedError: 数组内容不相等 ==> array contents differ at index [0], expected: <2> but was: <1>
	at com.xiao.bootwebadmin.Junit5Test.testArrayAssertions(Junit5Test.java:43)
]]></failure>
    <system-out><![CDATA[测试就要开始了
测试就要结束了
]]></system-out>
  </testcase>
  <testcase name="testDisplayName" classname="com.xiao.bootwebadmin.Junit5Test" time="0.005"/>
  <testcase name="testAssumptions" classname="com.xiao.bootwebadmin.Junit5Test" time="0">
    <skipped message="Assumption failed: 结果不是true" type="org.opentest4j.TestAbortedException">org.opentest4j.TestAbortedException: Assumption failed: 结果不是true
	at com.xiao.bootwebadmin.Junit5Test.testAssumptions(Junit5Test.java:21)
</skipped>
    <system-out><![CDATA[测试就要开始了
测试就要结束了
]]></system-out>
  </testcase>
  <testcase name="testSimpleAssertions" classname="com.xiao.bootwebadmin.Junit5Test" time="0.006">
    <failure message="两个对象不一样 ==&gt; expected: &lt;java.lang.Object@7d088813&gt; but was: &lt;java.lang.Object@134abd78&gt;" type="org.opentest4j.AssertionFailedError"><![CDATA[org.opentest4j.AssertionFailedError: 两个对象不一样 ==> expected: <java.lang.Object@7d088813> but was: <java.lang.Object@134abd78>
	at com.xiao.bootwebadmin.Junit5Test.testSimpleAssertions(Junit5Test.java:37)
]]></failure>
    <system-out><![CDATA[测试就要开始了
测试就要结束了
]]></system-out>
  </testcase>
</testsuite>